<?xml version="1.0" encoding="UTF-8"?>
<!-- Generated by org.testng.reporters.JUnitXMLReporter -->
<testsuite ignored="0" hostname="RABIUL" failures="0" tests="3" name="SmokeTest" time="40.963" errors="0" timestamp="2026-03-10T12:58:55 IST">
  <testcase classname="Test.CheckboxTest" name="VerifyCheckBox" time="0.75"/>
  <testcase classname="Test.JavaScriptAlertTest" name="VerifyCheckBox" time="0.586"/>
  <testcase classname="Test.BrokenLinkTest" name="brokenTest" time="16.919"/>
</testsuite> <!-- SmokeTest -->
