<?xml version="1.0" encoding="UTF-8"?>
<!-- Generated by org.testng.reporters.JUnitXMLReporter -->
<testsuite ignored="0" hostname="RABIUL" failures="0" tests="3" name="SmokeTest" time="33.716" errors="0" timestamp="2026-03-12T13:48:34 IST">
  <testcase classname="Test.CheckboxTest" name="VerifyCheckBox" time="0.911"/>
  <testcase classname="Test.JavaScriptAlertTest" name="VerifyCheckBox" time="0.465"/>
  <testcase classname="Test.BrokenLinkTest" name="brokenTest" time="16.493"/>
</testsuite> <!-- SmokeTest -->
