<?xml version="1.0" encoding="UTF-8"?>
<testng-results ignored="0" total="3" passed="3" failed="0" skipped="0">
  <reporter-output>
  </reporter-output>
  <suite started-at="2026-03-12T13:49:33 IST" name=" Smoke Test Suite" finished-at="2026-03-12T13:50:06 IST" duration-ms="33005">
    <groups>
    </groups>
    <test started-at="2026-03-12T13:49:33 IST" name="SmokeTest" finished-at="2026-03-12T13:50:06 IST" duration-ms="33005">
      <class name="Test.BrokenLinkTest">
        <test-method is-config="true" signature="setUp()[pri:0, instance:Test.BrokenLinkTest@27406a17]" started-at="2026-03-12T13:49:45 IST" name="setUp" finished-at="2026-03-12T13:49:49 IST" duration-ms="3971" status="PASS">
          <reporter-output>
          </reporter-output>
        </test-method> <!-- setUp -->
        <test-method signature="brokenTest()[pri:0, instance:Test.BrokenLinkTest@27406a17]" started-at="2026-03-12T13:49:49 IST" name="brokenTest" finished-at="2026-03-12T13:50:06 IST" duration-ms="16478" status="PASS">
          <reporter-output>
          </reporter-output>
        </test-method> <!-- brokenTest -->
        <test-method is-config="true" signature="tearDown()[pri:0, instance:Test.BrokenLinkTest@27406a17]" started-at="2026-03-12T13:50:06 IST" name="tearDown" finished-at="2026-03-12T13:50:06 IST" duration-ms="216" status="PASS">
          <reporter-output>
          </reporter-output>
        </test-method> <!-- tearDown -->
      </class> <!-- Test.BrokenLinkTest -->
      <class name="Test.CheckboxTest">
        <test-method is-config="true" signature="setUp()[pri:0, instance:Test.CheckboxTest@18df8434]" started-at="2026-03-12T13:49:33 IST" name="setUp" finished-at="2026-03-12T13:49:40 IST" duration-ms="6871" status="PASS">
          <reporter-output>
          </reporter-output>
        </test-method> <!-- setUp -->
        <test-method signature="VerifyCheckBox()[pri:0, instance:Test.CheckboxTest@18df8434]" started-at="2026-03-12T13:49:40 IST" name="VerifyCheckBox" finished-at="2026-03-12T13:49:41 IST" duration-ms="632" status="PASS">
          <reporter-output>
          </reporter-output>
        </test-method> <!-- VerifyCheckBox -->
        <test-method is-config="true" signature="tearDown()[pri:0, instance:Test.CheckboxTest@18df8434]" started-at="2026-03-12T13:49:41 IST" name="tearDown" finished-at="2026-03-12T13:49:41 IST" duration-ms="243" status="PASS">
          <reporter-output>
          </reporter-output>
        </test-method> <!-- tearDown -->
      </class> <!-- Test.CheckboxTest -->
      <class name="Test.JavaScriptAlertTest">
        <test-method is-config="true" signature="setUp()[pri:0, instance:Test.JavaScriptAlertTest@76b1e9b8]" started-at="2026-03-12T13:49:41 IST" name="setUp" finished-at="2026-03-12T13:49:45 IST" duration-ms="3830" status="PASS">
          <reporter-output>
          </reporter-output>
        </test-method> <!-- setUp -->
        <test-method signature="VerifyCheckBox()[pri:0, instance:Test.JavaScriptAlertTest@76b1e9b8]" started-at="2026-03-12T13:49:45 IST" name="VerifyCheckBox" finished-at="2026-03-12T13:49:45 IST" duration-ms="481" status="PASS">
          <reporter-output>
          </reporter-output>
        </test-method> <!-- VerifyCheckBox -->
        <test-method is-config="true" signature="tearDown()[pri:0, instance:Test.JavaScriptAlertTest@76b1e9b8]" started-at="2026-03-12T13:49:45 IST" name="tearDown" finished-at="2026-03-12T13:49:45 IST" duration-ms="216" status="PASS">
          <reporter-output>
          </reporter-output>
        </test-method> <!-- tearDown -->
      </class> <!-- Test.JavaScriptAlertTest -->
    </test> <!-- SmokeTest -->
  </suite> <!--  Smoke Test Suite -->
</testng-results>
